<?xml version="1.0" encoding="UTF-8"?>
<testsuite name="com.firegom.demo.carcompany.domain.DriverTest" tests="6" skipped="0" failures="0" errors="0" timestamp="2025-06-11T07:10:21.009Z" hostname="guardian" time="0.052">
  <properties/>
  <testcase name="Test Driver can Bus" classname="com.firegom.demo.carcompany.domain.DriverTest" time="0.043"/>
  <testcase name="Test Driver can drive car" classname="com.firegom.demo.carcompany.domain.DriverTest" time="0.001"/>
  <testcase name="Test Driver Constructor invalid invalid date" classname="com.firegom.demo.carcompany.domain.DriverTest" time="0.002"/>
  <testcase name="Test Driver can drive" classname="com.firegom.demo.carcompany.domain.DriverTest" time="0.0"/>
  <testcase name="Test Driver can't drive car" classname="com.firegom.demo.carcompany.domain.DriverTest" time="0.001"/>
  <testcase name="Test Driver Constructor invalid null" classname="com.firegom.demo.carcompany.domain.DriverTest" time="0.001"/>
  <system-out><![CDATA[]]></system-out>
  <system-err><![CDATA[]]></system-err>
</testsuite>
